0 info it worked if it ends with ok
1 verbose cli [ 'E:\\node\\\\node.exe',
1 verbose cli   'E:\\node\\node_modules\\npm\\bin\\npm-cli.js',
1 verbose cli   'install',
1 verbose cli   'ngCordova',
1 verbose cli   '--save' ]
2 info using npm@2.11.3
3 info using node@v0.12.7
4 verbose install initial load of f:\Salesman's App\package.json
5 warn package.json app@1.0.0 No description
6 warn package.json app@1.0.0 No repository field.
7 warn package.json app@1.0.0 No README data
8 verbose installManyTop reading scoped package data from f:\Salesman's App\node_modules\bcrypt-nodejs\package.json
9 verbose installManyTop reading scoped package data from f:\Salesman's App\node_modules\body-parser\package.json
10 verbose installManyTop reading scoped package data from f:\Salesman's App\node_modules\cors\package.json
11 verbose installManyTop reading scoped package data from f:\Salesman's App\node_modules\del\package.json
12 verbose installManyTop reading scoped package data from f:\Salesman's App\node_modules\express\package.json
13 verbose installManyTop reading scoped package data from f:\Salesman's App\node_modules\firebase\package.json
14 verbose installManyTop reading scoped package data from f:\Salesman's App\node_modules\gulp\package.json
15 verbose installManyTop reading scoped package data from f:\Salesman's App\node_modules\gulp-sequence\package.json
16 verbose installManyTop reading scoped package data from f:\Salesman's App\node_modules\gulp-typescript\package.json
17 verbose installManyTop reading scoped package data from f:\Salesman's App\node_modules\gulp-watch\package.json
18 verbose installManyTop reading scoped package data from f:\Salesman's App\node_modules\gulp-webserver\package.json
19 verbose installManyTop reading scoped package data from f:\Salesman's App\node_modules\mongoose\package.json
20 verbose installManyTop reading scoped package data from f:\Salesman's App\node_modules\morgan\package.json
21 verbose installManyTop reading scoped package data from f:\Salesman's App\node_modules\typescript\package.json
22 info package.json bcrypt-nodejs@0.0.3 No license field.
23 info package.json firebase@2.3.2 No license field.
24 info package.json gulp-sequence@0.4.4 No license field.
25 verbose readDependencies loading dependencies from f:\Salesman's App\package.json
26 silly cache add args [ 'ngCordova', null ]
27 verbose cache add spec ngCordova
28 silly cache add parsed spec { raw: 'ngCordova',
28 silly cache add   scope: null,
28 silly cache add   name: 'ngCordova',
28 silly cache add   rawSpec: '',
28 silly cache add   spec: '*',
28 silly cache add   type: 'range' }
29 silly addNamed ngCordova@*
30 verbose addNamed "*" is a valid semver range for ngCordova
31 silly addNameRange { name: 'ngCordova', range: '*', hasData: false }
32 silly mapToRegistry name ngCordova
33 silly mapToRegistry using default registry
34 silly mapToRegistry registry https://registry.npmjs.org/
35 silly mapToRegistry uri https://registry.npmjs.org/ngCordova
36 verbose addNameRange registry:https://registry.npmjs.org/ngCordova not in flight; fetching
37 verbose request uri https://registry.npmjs.org/ngCordova
38 verbose request no auth needed
39 info attempt registry request try #1 at 11:40:20 AM
40 verbose request id 0c631f63c6a49356
41 http request GET https://registry.npmjs.org/ngCordova
42 http 404 https://registry.npmjs.org/ngCordova
43 verbose headers { 'content-type': 'application/json',
43 verbose headers   'cache-control': 'max-age=0',
43 verbose headers   'content-length': '2',
43 verbose headers   'accept-ranges': 'bytes',
43 verbose headers   date: 'Sun, 14 Feb 2016 06:40:24 GMT',
43 verbose headers   via: '1.1 varnish',
43 verbose headers   age: '0',
43 verbose headers   connection: 'keep-alive',
43 verbose headers   'x-served-by': 'cache-fra1234-FRA',
43 verbose headers   'x-cache': 'MISS',
43 verbose headers   'x-cache-hits': '0',
43 verbose headers   'x-timer': 'S1455432023.271181,VS0,VE762' }
44 silly get cb [ 404,
44 silly get   { 'content-type': 'application/json',
44 silly get     'cache-control': 'max-age=0',
44 silly get     'content-length': '2',
44 silly get     'accept-ranges': 'bytes',
44 silly get     date: 'Sun, 14 Feb 2016 06:40:24 GMT',
44 silly get     via: '1.1 varnish',
44 silly get     age: '0',
44 silly get     connection: 'keep-alive',
44 silly get     'x-served-by': 'cache-fra1234-FRA',
44 silly get     'x-cache': 'MISS',
44 silly get     'x-cache-hits': '0',
44 silly get     'x-timer': 'S1455432023.271181,VS0,VE762' } ]
45 verbose stack Error: Registry returned 404 for GET on https://registry.npmjs.org/ngCordova
45 verbose stack     at CachingRegistryClient.<anonymous> (E:\node\node_modules\npm\node_modules\npm-registry-client\lib\request.js:239:14)
45 verbose stack     at Request._callback (E:\node\node_modules\npm\node_modules\npm-registry-client\lib\request.js:170:14)
45 verbose stack     at Request.self.callback (E:\node\node_modules\npm\node_modules\request\request.js:354:22)
45 verbose stack     at Request.emit (events.js:110:17)
45 verbose stack     at Request.<anonymous> (E:\node\node_modules\npm\node_modules\request\request.js:1207:14)
45 verbose stack     at Request.emit (events.js:129:20)
45 verbose stack     at IncomingMessage.<anonymous> (E:\node\node_modules\npm\node_modules\request\request.js:1153:12)
45 verbose stack     at IncomingMessage.emit (events.js:129:20)
45 verbose stack     at _stream_readable.js:908:16
45 verbose stack     at process._tickCallback (node.js:355:11)
46 verbose statusCode 404
47 verbose pkgid ngCordova
48 verbose cwd f:\Salesman's App\public
49 error Windows_NT 6.1.7601
50 error argv "E:\\node\\\\node.exe" "E:\\node\\node_modules\\npm\\bin\\npm-cli.js" "install" "ngCordova" "--save"
51 error node v0.12.7
52 error npm  v2.11.3
53 error code E404
54 error 404 Registry returned 404 for GET on https://registry.npmjs.org/ngCordova
54 error 404
54 error 404 'ngCordova' is not in the npm registry.
54 error 404 Your package name is not valid, because
54 error 404
54 error 404  1. name can no longer contain capital letters
54 error 404 It was specified as a dependency of 'app'
54 error 404
54 error 404 Note that you can also install from a
54 error 404 tarball, folder, http url, or git url.
55 verbose exit [ 1, true ]
