0 info it worked if it ends with ok
1 verbose cli [ 'E:\\node\\\\node.exe',
1 verbose cli   'E:\\node\\node_modules\\npm\\bin\\npm-cli.js',
1 verbose cli   'install',
1 verbose cli   'ngCordova',
1 verbose cli   '--save' ]
2 info using npm@2.11.3
3 info using node@v0.12.7
4 verbose install initial load of f:\Salesman's App\mobileApp\package.json
5 warn package.json sample@1.0.0 No repository field.
6 warn package.json sample@1.0.0 No README data
7 warn package.json sample@1.0.0 No license field.
8 verbose readDependencies loading dependencies from f:\Salesman's App\mobileApp\package.json
9 silly cache add args [ 'ngCordova', null ]
10 verbose cache add spec ngCordova
11 silly cache add parsed spec { raw: 'ngCordova',
11 silly cache add   scope: null,
11 silly cache add   name: 'ngCordova',
11 silly cache add   rawSpec: '',
11 silly cache add   spec: '*',
11 silly cache add   type: 'range' }
12 silly addNamed ngCordova@*
13 verbose addNamed "*" is a valid semver range for ngCordova
14 silly addNameRange { name: 'ngCordova', range: '*', hasData: false }
15 silly mapToRegistry name ngCordova
16 silly mapToRegistry using default registry
17 silly mapToRegistry registry https://registry.npmjs.org/
18 silly mapToRegistry uri https://registry.npmjs.org/ngCordova
19 verbose addNameRange registry:https://registry.npmjs.org/ngCordova not in flight; fetching
20 verbose request uri https://registry.npmjs.org/ngCordova
21 verbose request no auth needed
22 info attempt registry request try #1 at 11:42:20 AM
23 verbose request id 327c089c5196d809
24 http request GET https://registry.npmjs.org/ngCordova
25 http 404 https://registry.npmjs.org/ngCordova
26 verbose headers { 'content-type': 'application/json',
26 verbose headers   'cache-control': 'max-age=0',
26 verbose headers   'content-length': '2',
26 verbose headers   'accept-ranges': 'bytes',
26 verbose headers   date: 'Sun, 14 Feb 2016 06:42:23 GMT',
26 verbose headers   via: '1.1 varnish',
26 verbose headers   age: '0',
26 verbose headers   connection: 'keep-alive',
26 verbose headers   'x-served-by': 'cache-fra1225-FRA',
26 verbose headers   'x-cache': 'MISS',
26 verbose headers   'x-cache-hits': '0',
26 verbose headers   'x-timer': 'S1455432142.824556,VS0,VE398' }
27 silly get cb [ 404,
27 silly get   { 'content-type': 'application/json',
27 silly get     'cache-control': 'max-age=0',
27 silly get     'content-length': '2',
27 silly get     'accept-ranges': 'bytes',
27 silly get     date: 'Sun, 14 Feb 2016 06:42:23 GMT',
27 silly get     via: '1.1 varnish',
27 silly get     age: '0',
27 silly get     connection: 'keep-alive',
27 silly get     'x-served-by': 'cache-fra1225-FRA',
27 silly get     'x-cache': 'MISS',
27 silly get     'x-cache-hits': '0',
27 silly get     'x-timer': 'S1455432142.824556,VS0,VE398' } ]
28 verbose stack Error: Registry returned 404 for GET on https://registry.npmjs.org/ngCordova
28 verbose stack     at CachingRegistryClient.<anonymous> (E:\node\node_modules\npm\node_modules\npm-registry-client\lib\request.js:239:14)
28 verbose stack     at Request._callback (E:\node\node_modules\npm\node_modules\npm-registry-client\lib\request.js:170:14)
28 verbose stack     at Request.self.callback (E:\node\node_modules\npm\node_modules\request\request.js:354:22)
28 verbose stack     at Request.emit (events.js:110:17)
28 verbose stack     at Request.<anonymous> (E:\node\node_modules\npm\node_modules\request\request.js:1207:14)
28 verbose stack     at Request.emit (events.js:129:20)
28 verbose stack     at IncomingMessage.<anonymous> (E:\node\node_modules\npm\node_modules\request\request.js:1153:12)
28 verbose stack     at IncomingMessage.emit (events.js:129:20)
28 verbose stack     at _stream_readable.js:908:16
28 verbose stack     at process._tickCallback (node.js:355:11)
29 verbose statusCode 404
30 verbose pkgid ngCordova
31 verbose cwd f:\Salesman's App\mobileApp
32 error Windows_NT 6.1.7601
33 error argv "E:\\node\\\\node.exe" "E:\\node\\node_modules\\npm\\bin\\npm-cli.js" "install" "ngCordova" "--save"
34 error node v0.12.7
35 error npm  v2.11.3
36 error code E404
37 error 404 Registry returned 404 for GET on https://registry.npmjs.org/ngCordova
37 error 404
37 error 404 'ngCordova' is not in the npm registry.
37 error 404 Your package name is not valid, because
37 error 404
37 error 404  1. name can no longer contain capital letters
37 error 404 It was specified as a dependency of 'sample'
37 error 404
37 error 404 Note that you can also install from a
37 error 404 tarball, folder, http url, or git url.
38 verbose exit [ 1, true ]
